<?xml version="1.0" encoding="UTF-8"?>
<testsuite xmlns:xsi="http://www.w3.org/2001/XMLSchema-instance" xsi:noNamespaceSchemaLocation="https://maven.apache.org/surefire/maven-surefire-plugin/xsd/surefire-test-report.xsd" name="DAO.TestHibernateMain" time="0.015" tests="0" errors="0" skipped="0" failures="0">
  <properties>
    <property name="sun.desktop" value="windows"/>
    <property name="awt.toolkit" value="sun.awt.windows.WToolkit"/>
    <property name="file.encoding.pkg" value="sun.io"/>
    <property name="java.specification.version" value="1.8"/>
    <property name="sun.cpu.isalist" value="amd64"/>
    <property name="sun.jnu.encoding" value="Cp1252"/>
    <property name="java.class.path" value="C:\Users\AHMOD\Documents\Apache Netbean Project\AMSMOCK\target\test-classes;C:\Users\AHMOD\Documents\Apache Netbean Project\AMSMOCK\target\classes;C:\Users\AHMOD\.m2\repository\com\microsoft\sqlserver\mssql-jdbc\8.2.0.jre8\mssql-jdbc-8.2.0.jre8.jar;C:\Users\AHMOD\.m2\repository\org\codehaus\mojo\exec-maven-plugin\1.2.1\exec-maven-plugin-1.2.1.jar;C:\Users\AHMOD\.m2\repository\org\apache\maven\maven-toolchain\1.0\maven-toolchain-1.0.jar;C:\Users\AHMOD\.m2\repository\org\apache\maven\maven-project\2.0.6\maven-project-2.0.6.jar;C:\Users\AHMOD\.m2\repository\org\apache\maven\maven-settings\2.0.6\maven-settings-2.0.6.jar;C:\Users\AHMOD\.m2\repository\org\apache\maven\maven-profile\2.0.6\maven-profile-2.0.6.jar;C:\Users\AHMOD\.m2\repository\org\apache\maven\maven-plugin-registry\2.0.6\maven-plugin-registry-2.0.6.jar;C:\Users\AHMOD\.m2\repository\org\apache\maven\maven-model\2.0.6\maven-model-2.0.6.jar;C:\Users\AHMOD\.m2\repository\org\apache\maven\maven-artifact\2.0.6\maven-artifact-2.0.6.jar;C:\Users\AHMOD\.m2\repository\org\apache\maven\maven-artifact-manager\2.0.6\maven-artifact-manager-2.0.6.jar;C:\Users\AHMOD\.m2\repository\org\apache\maven\maven-repository-metadata\2.0.6\maven-repository-metadata-2.0.6.jar;C:\Users\AHMOD\.m2\repository\org\apache\maven\wagon\wagon-provider-api\1.0-beta-2\wagon-provider-api-1.0-beta-2.jar;C:\Users\AHMOD\.m2\repository\org\apache\maven\maven-core\2.0.6\maven-core-2.0.6.jar;C:\Users\AHMOD\.m2\repository\org\apache\maven\wagon\wagon-file\1.0-beta-2\wagon-file-1.0-beta-2.jar;C:\Users\AHMOD\.m2\repository\org\apache\maven\maven-plugin-parameter-documenter\2.0.6\maven-plugin-parameter-documenter-2.0.6.jar;C:\Users\AHMOD\.m2\repository\org\apache\maven\wagon\wagon-http-lightweight\1.0-beta-2\wagon-http-lightweight-1.0-beta-2.jar;C:\Users\AHMOD\.m2\repository\org\apache\maven\wagon\wagon-http-shared\1.0-beta-2\wagon-http-shared-1.0-beta-2.jar;C:\Users\AHMOD\.m2\repository\jtidy\jtidy\4aug2000r7-dev\jtidy-4aug2000r7-dev.jar;C:\Users\AHMOD\.m2\repository\org\apache\maven\reporting\maven-reporting-api\2.0.6\maven-reporting-api-2.0.6.jar;C:\Users\AHMOD\.m2\repository\org\apache\maven\doxia\doxia-sink-api\1.0-alpha-7\doxia-sink-api-1.0-alpha-7.jar;C:\Users\AHMOD\.m2\repository\org\apache\maven\maven-error-diagnostics\2.0.6\maven-error-diagnostics-2.0.6.jar;C:\Users\AHMOD\.m2\repository\commons-cli\commons-cli\1.0\commons-cli-1.0.jar;C:\Users\AHMOD\.m2\repository\org\apache\maven\wagon\wagon-ssh-external\1.0-beta-2\wagon-ssh-external-1.0-beta-2.jar;C:\Users\AHMOD\.m2\repository\org\apache\maven\wagon\wagon-ssh-common\1.0-beta-2\wagon-ssh-common-1.0-beta-2.jar;C:\Users\AHMOD\.m2\repository\org\apache\maven\maven-plugin-descriptor\2.0.6\maven-plugin-descriptor-2.0.6.jar;C:\Users\AHMOD\.m2\repository\org\codehaus\plexus\plexus-interactivity-api\1.0-alpha-4\plexus-interactivity-api-1.0-alpha-4.jar;C:\Users\AHMOD\.m2\repository\org\apache\maven\maven-monitor\2.0.6\maven-monitor-2.0.6.jar;C:\Users\AHMOD\.m2\repository\org\apache\maven\wagon\wagon-ssh\1.0-beta-2\wagon-ssh-1.0-beta-2.jar;C:\Users\AHMOD\.m2\repository\com\jcraft\jsch\0.1.27\jsch-0.1.27.jar;C:\Users\AHMOD\.m2\repository\classworlds\classworlds\1.1\classworlds-1.1.jar;C:\Users\AHMOD\.m2\repository\org\apache\maven\maven-plugin-api\2.0.6\maven-plugin-api-2.0.6.jar;C:\Users\AHMOD\.m2\repository\org\codehaus\plexus\plexus-utils\2.0.5\plexus-utils-2.0.5.jar;C:\Users\AHMOD\.m2\repository\org\codehaus\plexus\plexus-container-default\1.0-alpha-9\plexus-container-default-1.0-alpha-9.jar;C:\Users\AHMOD\.m2\repository\junit\junit\3.8.1\junit-3.8.1.jar;C:\Users\AHMOD\.m2\repository\org\apache\commons\commons-exec\1.1\commons-exec-1.1.jar;C:\Users\AHMOD\.m2\repository\org\hibernate\hibernate-entitymanager\4.3.1.Final\hibernate-entitymanager-4.3.1.Final.jar;C:\Users\AHMOD\.m2\repository\org\jboss\logging\jboss-logging\3.1.3.GA\jboss-logging-3.1.3.GA.jar;C:\Users\AHMOD\.m2\repository\org\jboss\logging\jboss-logging-annotations\1.2.0.Beta1\jboss-logging-annotations-1.2.0.Beta1.jar;C:\Users\AHMOD\.m2\repository\org\hibernate\hibernate-core\4.3.1.Final\hibernate-core-4.3.1.Final.jar;C:\Users\AHMOD\.m2\repository\antlr\antlr\2.7.7\antlr-2.7.7.jar;C:\Users\AHMOD\.m2\repository\org\jboss\jandex\1.1.0.Final\jandex-1.1.0.Final.jar;C:\Users\AHMOD\.m2\repository\dom4j\dom4j\1.6.1\dom4j-1.6.1.jar;C:\Users\AHMOD\.m2\repository\xml-apis\xml-apis\1.0.b2\xml-apis-1.0.b2.jar;C:\Users\AHMOD\.m2\repository\org\hibernate\common\hibernate-commons-annotations\4.0.4.Final\hibernate-commons-annotations-4.0.4.Final.jar;C:\Users\AHMOD\.m2\repository\org\jboss\spec\javax\transaction\jboss-transaction-api_1.2_spec\1.0.0.Final\jboss-transaction-api_1.2_spec-1.0.0.Final.jar;C:\Users\AHMOD\.m2\repository\org\javassist\javassist\3.18.1-GA\javassist-3.18.1-GA.jar;C:\Users\AHMOD\.m2\repository\org\hibernate\javax\persistence\hibernate-jpa-2.1-api\1.0.0.Final\hibernate-jpa-2.1-api-1.0.0.Final.jar;C:\Users\AHMOD\.m2\repository\org\primefaces\primefaces\5.0\primefaces-5.0.jar;C:\Users\AHMOD\.m2\repository\org\springframework\spring-aop\4.0.1.RELEASE\spring-aop-4.0.1.RELEASE.jar;C:\Users\AHMOD\.m2\repository\aopalliance\aopalliance\1.0\aopalliance-1.0.jar;C:\Users\AHMOD\.m2\repository\org\springframework\spring-aspects\4.0.1.RELEASE\spring-aspects-4.0.1.RELEASE.jar;C:\Users\AHMOD\.m2\repository\org\aspectj\aspectjweaver\1.7.4\aspectjweaver-1.7.4.jar;C:\Users\AHMOD\.m2\repository\org\springframework\spring-beans\4.0.1.RELEASE\spring-beans-4.0.1.RELEASE.jar;C:\Users\AHMOD\.m2\repository\org\springframework\spring-context\4.0.1.RELEASE\spring-context-4.0.1.RELEASE.jar;C:\Users\AHMOD\.m2\repository\org\springframework\spring-context-support\4.0.1.RELEASE\spring-context-support-4.0.1.RELEASE.jar;C:\Users\AHMOD\.m2\repository\org\springframework\spring-core\4.0.1.RELEASE\spring-core-4.0.1.RELEASE.jar;C:\Users\AHMOD\.m2\repository\commons-logging\commons-logging\1.1.1\commons-logging-1.1.1.jar;C:\Users\AHMOD\.m2\repository\org\springframework\spring-expression\4.0.1.RELEASE\spring-expression-4.0.1.RELEASE.jar;C:\Users\AHMOD\.m2\repository\org\springframework\spring-instrument\4.0.1.RELEASE\spring-instrument-4.0.1.RELEASE.jar;C:\Users\AHMOD\.m2\repository\org\springframework\spring-instrument-tomcat\4.0.1.RELEASE\spring-instrument-tomcat-4.0.1.RELEASE.jar;C:\Users\AHMOD\.m2\repository\org\springframework\spring-jdbc\4.0.1.RELEASE\spring-jdbc-4.0.1.RELEASE.jar;C:\Users\AHMOD\.m2\repository\org\springframework\spring-tx\4.0.1.RELEASE\spring-tx-4.0.1.RELEASE.jar;C:\Users\AHMOD\.m2\repository\org\springframework\spring-jms\4.0.1.RELEASE\spring-jms-4.0.1.RELEASE.jar;C:\Users\AHMOD\.m2\repository\org\springframework\spring-messaging\4.0.1.RELEASE\spring-messaging-4.0.1.RELEASE.jar;C:\Users\AHMOD\.m2\repository\org\springframework\spring-orm\4.0.1.RELEASE\spring-orm-4.0.1.RELEASE.jar;C:\Users\AHMOD\.m2\repository\org\springframework\spring-oxm\4.0.1.RELEASE\spring-oxm-4.0.1.RELEASE.jar;C:\Users\AHMOD\.m2\repository\org\springframework\spring-test\4.0.1.RELEASE\spring-test-4.0.1.RELEASE.jar;C:\Users\AHMOD\.m2\repository\org\glassfish\javax.faces\2.3.9\javax.faces-2.3.9.jar;C:\Users\AHMOD\.m2\repository\org\junit\jupiter\junit-jupiter-api\5.7.1\junit-jupiter-api-5.7.1.jar;C:\Users\AHMOD\.m2\repository\org\apiguardian\apiguardian-api\1.1.0\apiguardian-api-1.1.0.jar;C:\Users\AHMOD\.m2\repository\org\opentest4j\opentest4j\1.2.0\opentest4j-1.2.0.jar;C:\Users\AHMOD\.m2\repository\org\junit\platform\junit-platform-commons\1.7.1\junit-platform-commons-1.7.1.jar;C:\Users\AHMOD\.m2\repository\javax\javaee-web-api\7.0\javaee-web-api-7.0.jar;C:\Users\AHMOD\.m2\repository\org\apache\commons\commons-csv\1.6\commons-csv-1.6.jar;"/>
    <property name="java.vm.vendor" value="Oracle Corporation"/>
    <property name="sun.arch.data.model" value="64"/>
    <property name="user.variant" value=""/>
    <property name="java.vendor.url" value="http://java.oracle.com/"/>
    <property name="user.timezone" value="Africa/Luanda"/>
    <property name="java.vm.specification.version" value="1.8"/>
    <property name="os.name" value="Windows 10"/>
    <property name="sun.java.launcher" value="SUN_STANDARD"/>
    <property name="user.country" value="US"/>
    <property name="sun.boot.library.path" value="C:\Program Files\Java\jdk1.8.0_261\jre\bin"/>
    <property name="sun.java.command" value="C:\Users\AHMOD\AppData\Local\Temp\surefire3172136740962810075\surefirebooter3951717553346963031.jar C:\Users\AHMOD\AppData\Local\Temp\surefire3172136740962810075 2021-07-05T14-02-14_261-jvmRun1 surefire6820169780614810655tmp surefire_07666755190228633391tmp"/>
    <property name="surefire.test.class.path" value="C:\Users\AHMOD\Documents\Apache Netbean Project\AMSMOCK\target\test-classes;C:\Users\AHMOD\Documents\Apache Netbean Project\AMSMOCK\target\classes;C:\Users\AHMOD\.m2\repository\com\microsoft\sqlserver\mssql-jdbc\8.2.0.jre8\mssql-jdbc-8.2.0.jre8.jar;C:\Users\AHMOD\.m2\repository\org\codehaus\mojo\exec-maven-plugin\1.2.1\exec-maven-plugin-1.2.1.jar;C:\Users\AHMOD\.m2\repository\org\apache\maven\maven-toolchain\1.0\maven-toolchain-1.0.jar;C:\Users\AHMOD\.m2\repository\org\apache\maven\maven-project\2.0.6\maven-project-2.0.6.jar;C:\Users\AHMOD\.m2\repository\org\apache\maven\maven-settings\2.0.6\maven-settings-2.0.6.jar;C:\Users\AHMOD\.m2\repository\org\apache\maven\maven-profile\2.0.6\maven-profile-2.0.6.jar;C:\Users\AHMOD\.m2\repository\org\apache\maven\maven-plugin-registry\2.0.6\maven-plugin-registry-2.0.6.jar;C:\Users\AHMOD\.m2\repository\org\apache\maven\maven-model\2.0.6\maven-model-2.0.6.jar;C:\Users\AHMOD\.m2\repository\org\apache\maven\maven-artifact\2.0.6\maven-artifact-2.0.6.jar;C:\Users\AHMOD\.m2\repository\org\apache\maven\maven-artifact-manager\2.0.6\maven-artifact-manager-2.0.6.jar;C:\Users\AHMOD\.m2\repository\org\apache\maven\maven-repository-metadata\2.0.6\maven-repository-metadata-2.0.6.jar;C:\Users\AHMOD\.m2\repository\org\apache\maven\wagon\wagon-provider-api\1.0-beta-2\wagon-provider-api-1.0-beta-2.jar;C:\Users\AHMOD\.m2\repository\org\apache\maven\maven-core\2.0.6\maven-core-2.0.6.jar;C:\Users\AHMOD\.m2\repository\org\apache\maven\wagon\wagon-file\1.0-beta-2\wagon-file-1.0-beta-2.jar;C:\Users\AHMOD\.m2\repository\org\apache\maven\maven-plugin-parameter-documenter\2.0.6\maven-plugin-parameter-documenter-2.0.6.jar;C:\Users\AHMOD\.m2\repository\org\apache\maven\wagon\wagon-http-lightweight\1.0-beta-2\wagon-http-lightweight-1.0-beta-2.jar;C:\Users\AHMOD\.m2\repository\org\apache\maven\wagon\wagon-http-shared\1.0-beta-2\wagon-http-shared-1.0-beta-2.jar;C:\Users\AHMOD\.m2\repository\jtidy\jtidy\4aug2000r7-dev\jtidy-4aug2000r7-dev.jar;C:\Users\AHMOD\.m2\repository\org\apache\maven\reporting\maven-reporting-api\2.0.6\maven-reporting-api-2.0.6.jar;C:\Users\AHMOD\.m2\repository\org\apache\maven\doxia\doxia-sink-api\1.0-alpha-7\doxia-sink-api-1.0-alpha-7.jar;C:\Users\AHMOD\.m2\repository\org\apache\maven\maven-error-diagnostics\2.0.6\maven-error-diagnostics-2.0.6.jar;C:\Users\AHMOD\.m2\repository\commons-cli\commons-cli\1.0\commons-cli-1.0.jar;C:\Users\AHMOD\.m2\repository\org\apache\maven\wagon\wagon-ssh-external\1.0-beta-2\wagon-ssh-external-1.0-beta-2.jar;C:\Users\AHMOD\.m2\repository\org\apache\maven\wagon\wagon-ssh-common\1.0-beta-2\wagon-ssh-common-1.0-beta-2.jar;C:\Users\AHMOD\.m2\repository\org\apache\maven\maven-plugin-descriptor\2.0.6\maven-plugin-descriptor-2.0.6.jar;C:\Users\AHMOD\.m2\repository\org\codehaus\plexus\plexus-interactivity-api\1.0-alpha-4\plexus-interactivity-api-1.0-alpha-4.jar;C:\Users\AHMOD\.m2\repository\org\apache\maven\maven-monitor\2.0.6\maven-monitor-2.0.6.jar;C:\Users\AHMOD\.m2\repository\org\apache\maven\wagon\wagon-ssh\1.0-beta-2\wagon-ssh-1.0-beta-2.jar;C:\Users\AHMOD\.m2\repository\com\jcraft\jsch\0.1.27\jsch-0.1.27.jar;C:\Users\AHMOD\.m2\repository\classworlds\classworlds\1.1\classworlds-1.1.jar;C:\Users\AHMOD\.m2\repository\org\apache\maven\maven-plugin-api\2.0.6\maven-plugin-api-2.0.6.jar;C:\Users\AHMOD\.m2\repository\org\codehaus\plexus\plexus-utils\2.0.5\plexus-utils-2.0.5.jar;C:\Users\AHMOD\.m2\repository\org\codehaus\plexus\plexus-container-default\1.0-alpha-9\plexus-container-default-1.0-alpha-9.jar;C:\Users\AHMOD\.m2\repository\junit\junit\3.8.1\junit-3.8.1.jar;C:\Users\AHMOD\.m2\repository\org\apache\commons\commons-exec\1.1\commons-exec-1.1.jar;C:\Users\AHMOD\.m2\repository\org\hibernate\hibernate-entitymanager\4.3.1.Final\hibernate-entitymanager-4.3.1.Final.jar;C:\Users\AHMOD\.m2\repository\org\jboss\logging\jboss-logging\3.1.3.GA\jboss-logging-3.1.3.GA.jar;C:\Users\AHMOD\.m2\repository\org\jboss\logging\jboss-logging-annotations\1.2.0.Beta1\jboss-logging-annotations-1.2.0.Beta1.jar;C:\Users\AHMOD\.m2\repository\org\hibernate\hibernate-core\4.3.1.Final\hibernate-core-4.3.1.Final.jar;C:\Users\AHMOD\.m2\repository\antlr\antlr\2.7.7\antlr-2.7.7.jar;C:\Users\AHMOD\.m2\repository\org\jboss\jandex\1.1.0.Final\jandex-1.1.0.Final.jar;C:\Users\AHMOD\.m2\repository\dom4j\dom4j\1.6.1\dom4j-1.6.1.jar;C:\Users\AHMOD\.m2\repository\xml-apis\xml-apis\1.0.b2\xml-apis-1.0.b2.jar;C:\Users\AHMOD\.m2\repository\org\hibernate\common\hibernate-commons-annotations\4.0.4.Final\hibernate-commons-annotations-4.0.4.Final.jar;C:\Users\AHMOD\.m2\repository\org\jboss\spec\javax\transaction\jboss-transaction-api_1.2_spec\1.0.0.Final\jboss-transaction-api_1.2_spec-1.0.0.Final.jar;C:\Users\AHMOD\.m2\repository\org\javassist\javassist\3.18.1-GA\javassist-3.18.1-GA.jar;C:\Users\AHMOD\.m2\repository\org\hibernate\javax\persistence\hibernate-jpa-2.1-api\1.0.0.Final\hibernate-jpa-2.1-api-1.0.0.Final.jar;C:\Users\AHMOD\.m2\repository\org\primefaces\primefaces\5.0\primefaces-5.0.jar;C:\Users\AHMOD\.m2\repository\org\springframework\spring-aop\4.0.1.RELEASE\spring-aop-4.0.1.RELEASE.jar;C:\Users\AHMOD\.m2\repository\aopalliance\aopalliance\1.0\aopalliance-1.0.jar;C:\Users\AHMOD\.m2\repository\org\springframework\spring-aspects\4.0.1.RELEASE\spring-aspects-4.0.1.RELEASE.jar;C:\Users\AHMOD\.m2\repository\org\aspectj\aspectjweaver\1.7.4\aspectjweaver-1.7.4.jar;C:\Users\AHMOD\.m2\repository\org\springframework\spring-beans\4.0.1.RELEASE\spring-beans-4.0.1.RELEASE.jar;C:\Users\AHMOD\.m2\repository\org\springframework\spring-context\4.0.1.RELEASE\spring-context-4.0.1.RELEASE.jar;C:\Users\AHMOD\.m2\repository\org\springframework\spring-context-support\4.0.1.RELEASE\spring-context-support-4.0.1.RELEASE.jar;C:\Users\AHMOD\.m2\repository\org\springframework\spring-core\4.0.1.RELEASE\spring-core-4.0.1.RELEASE.jar;C:\Users\AHMOD\.m2\repository\commons-logging\commons-logging\1.1.1\commons-logging-1.1.1.jar;C:\Users\AHMOD\.m2\repository\org\springframework\spring-expression\4.0.1.RELEASE\spring-expression-4.0.1.RELEASE.jar;C:\Users\AHMOD\.m2\repository\org\springframework\spring-instrument\4.0.1.RELEASE\spring-instrument-4.0.1.RELEASE.jar;C:\Users\AHMOD\.m2\repository\org\springframework\spring-instrument-tomcat\4.0.1.RELEASE\spring-instrument-tomcat-4.0.1.RELEASE.jar;C:\Users\AHMOD\.m2\repository\org\springframework\spring-jdbc\4.0.1.RELEASE\spring-jdbc-4.0.1.RELEASE.jar;C:\Users\AHMOD\.m2\repository\org\springframework\spring-tx\4.0.1.RELEASE\spring-tx-4.0.1.RELEASE.jar;C:\Users\AHMOD\.m2\repository\org\springframework\spring-jms\4.0.1.RELEASE\spring-jms-4.0.1.RELEASE.jar;C:\Users\AHMOD\.m2\repository\org\springframework\spring-messaging\4.0.1.RELEASE\spring-messaging-4.0.1.RELEASE.jar;C:\Users\AHMOD\.m2\repository\org\springframework\spring-orm\4.0.1.RELEASE\spring-orm-4.0.1.RELEASE.jar;C:\Users\AHMOD\.m2\repository\org\springframework\spring-oxm\4.0.1.RELEASE\spring-oxm-4.0.1.RELEASE.jar;C:\Users\AHMOD\.m2\repository\org\springframework\spring-test\4.0.1.RELEASE\spring-test-4.0.1.RELEASE.jar;C:\Users\AHMOD\.m2\repository\org\glassfish\javax.faces\2.3.9\javax.faces-2.3.9.jar;C:\Users\AHMOD\.m2\repository\org\junit\jupiter\junit-jupiter-api\5.7.1\junit-jupiter-api-5.7.1.jar;C:\Users\AHMOD\.m2\repository\org\apiguardian\apiguardian-api\1.1.0\apiguardian-api-1.1.0.jar;C:\Users\AHMOD\.m2\repository\org\opentest4j\opentest4j\1.2.0\opentest4j-1.2.0.jar;C:\Users\AHMOD\.m2\repository\org\junit\platform\junit-platform-commons\1.7.1\junit-platform-commons-1.7.1.jar;C:\Users\AHMOD\.m2\repository\javax\javaee-web-api\7.0\javaee-web-api-7.0.jar;C:\Users\AHMOD\.m2\repository\org\apache\commons\commons-csv\1.6\commons-csv-1.6.jar;"/>
    <property name="sun.cpu.endian" value="little"/>
    <property name="user.home" value="C:\Users\AHMOD"/>
    <property name="user.language" value="en"/>
    <property name="java.specification.vendor" value="Oracle Corporation"/>
    <property name="java.home" value="C:\Program Files\Java\jdk1.8.0_261\jre"/>
    <property name="basedir" value="C:\Users\AHMOD\Documents\Apache Netbean Project\AMSMOCK"/>
    <property name="file.separator" value="\"/>
    <property name="line.separator" value="&#10;"/>
    <property name="java.vm.specification.vendor" value="Oracle Corporation"/>
    <property name="java.specification.name" value="Java Platform API Specification"/>
    <property name="java.awt.graphicsenv" value="sun.awt.Win32GraphicsEnvironment"/>
    <property name="surefire.real.class.path" value="C:\Users\AHMOD\AppData\Local\Temp\surefire3172136740962810075\surefirebooter3951717553346963031.jar;C:\\Users\\AHMOD\\.m2\\repository\\org\\jacoco\\org.jacoco.agent\\0.8.5\\org.jacoco.agent-0.8.5-runtime.jar"/>
    <property name="sun.boot.class.path" value="C:\Program Files\Java\jdk1.8.0_261\jre\lib\resources.jar;C:\Program Files\Java\jdk1.8.0_261\jre\lib\rt.jar;C:\Program Files\Java\jdk1.8.0_261\jre\lib\sunrsasign.jar;C:\Program Files\Java\jdk1.8.0_261\jre\lib\jsse.jar;C:\Program Files\Java\jdk1.8.0_261\jre\lib\jce.jar;C:\Program Files\Java\jdk1.8.0_261\jre\lib\charsets.jar;C:\Program Files\Java\jdk1.8.0_261\jre\lib\jfr.jar;C:\Program Files\Java\jdk1.8.0_261\jre\classes"/>
    <property name="user.script" value=""/>
    <property name="sun.management.compiler" value="HotSpot 64-Bit Tiered Compilers"/>
    <property name="java.runtime.version" value="1.8.0_261-b12"/>
    <property name="user.name" value="AHMOD"/>
    <property name="path.separator" value=";"/>
    <property name="os.version" value="10.0"/>
    <property name="java.endorsed.dirs" value="C:\Program Files\Java\jdk1.8.0_261\jre\lib\endorsed"/>
    <property name="java.runtime.name" value="Java(TM) SE Runtime Environment"/>
    <property name="file.encoding" value="UTF-8"/>
    <property name="java.vm.name" value="Java HotSpot(TM) 64-Bit Server VM"/>
    <property name="maven.ext.class.path" value="C:\Program Files\NetBeans-12.3\netbeans\java\maven-nblib\netbeans-eventspy.jar"/>
    <property name="localRepository" value="C:\Users\AHMOD\.m2\repository"/>
    <property name="java.vendor.url.bug" value="http://bugreport.sun.com/bugreport/"/>
    <property name="java.io.tmpdir" value="C:\Users\AHMOD\AppData\Local\Temp\"/>
    <property name="java.version" value="1.8.0_261"/>
    <property name="user.dir" value="C:\Users\AHMOD\Documents\Apache Netbean Project\AMSMOCK"/>
    <property name="os.arch" value="amd64"/>
    <property name="java.vm.specification.name" value="Java Virtual Machine Specification"/>
    <property name="java.awt.printerjob" value="sun.awt.windows.WPrinterJob"/>
    <property name="sun.os.patch.level" value=""/>
    <property name="java.library.path" value="C:\Program Files\Java\jdk1.8.0_261\jre\bin;C:\Windows\Sun\Java\bin;C:\Windows\system32;C:\Windows;%KOLIBRI_SCRIPT_DIR%;C:\Windows\system32;C:\Windows;C:\Windows\System32\Wbem;C:\Windows\System32\WindowsPowerShell\v1.0\;C:\Windows\System32\OpenSSH\;C:\Program Files\Java\jdk1.8.0_261;C:\Program Files\Microsoft SQL Server\Client SDK\ODBC\130\Tools\Binn\;C:\Program Files (x86)\Microsoft SQL Server\140\Tools\Binn\;C:\Program Files\Microsoft SQL Server\140\Tools\Binn\;C:\Program Files\Microsoft SQL Server\140\DTS\Binn\;C:\Program Files (x86)\Microsoft SQL Server\Client SDK\ODBC\130\Tools\Binn\;C:\Program Files (x86)\Microsoft SQL Server\140\DTS\Binn\;C:\Program Files (x86)\Microsoft SQL Server\140\Tools\Binn\ManagementStudio\;C:\Program Files\Java\jdk1.8.0_261\bin;C:\Program Files\Git\cmd;C:\Users\AHMOD\AppData\Local\Programs\Python\Python38-32\Scripts\;C:\Users\AHMOD\AppData\Local\Programs\Python\Python38-32\;C:\Users\AHMOD\AppData\Local\Microsoft\WindowsApps;C:\Users\AHMOD\AppData\Local\Programs\Microsoft VS Code\bin;C:\Program Files\JetBrains\IntelliJ IDEA Community Edition 2020.1.3\bin;;C:\Program Files\JetBrains\PyCharm 2020.2.1\bin;;C:\Program Files\JetBrains\PyCharm Community Edition 2020.2.2\bin;;C:\Program Files\Java\jdk1.8.0_261;C:\Program Files\JetBrains\IntelliJ IDEA 2020.1\bin;;C:\Users\AHMOD\AppData\Local\GitHubDesktop\bin;."/>
    <property name="java.vm.info" value="mixed mode"/>
    <property name="java.vendor" value="Oracle Corporation"/>
    <property name="java.vm.version" value="25.261-b12"/>
    <property name="java.ext.dirs" value="C:\Program Files\Java\jdk1.8.0_261\jre\lib\ext;C:\Windows\Sun\Java\lib\ext"/>
    <property name="sun.io.unicode.encoding" value="UnicodeLittle"/>
    <property name="java.class.version" value="52.0"/>
  </properties>
</testsuite>